#
# There is insufficient memory for the Java Runtime Environment to continue.
# Native memory allocation (malloc) failed to allocate 1048576 bytes for AllocateHeap
# Possible reasons:
#   The system is out of physical RAM or swap space
#   The process is running with CompressedOops enabled, and the Java Heap may be blocking the growth of the native heap
# Possible solutions:
#   Reduce memory load on the system
#   Increase physical memory or swap space
#   Check if swap backing store is full
#   Decrease Java heap size (-Xmx/-Xms)
#   Decrease number of Java threads
#   Decrease Java thread stack sizes (-Xss)
#   Set larger code cache with -XX:ReservedCodeCacheSize=
#   JVM is running with Zero Based Compressed Oops mode in which the Java heap is
#     placed in the first 32GB address space. The Java Heap base address is the
#     maximum limit for the native heap growth. Please use -XX:HeapBaseMinAddress
#     to set the Java Heap base and to place the Java Heap above 32GB virtual address.
# This output file may be truncated or incomplete.
#
#  Out of Memory Error (memory/allocation.inline.hpp:61), pid=6592, tid=0x00000000000008cc
#
# JRE version:  (8.0_202-b58) (build )
# Java VM: OpenJDK 64-Bit Server VM (25.202-b58 mixed mode windows-amd64 compressed oops)
# Failed to write core dump. Minidumps are not enabled by default on client versions of Windows
#

---------------  T H R E A D  ---------------

Current thread (0x000000000270e800):  JavaThread "Unknown thread" [_thread_in_vm, id=2252, stack(0x0000000002530000,0x0000000002630000)]

Stack: [0x0000000002530000,0x0000000002630000]
[error occurred during error reporting (printing stack bounds), id 0xc0000005]

Native frames: (J=compiled Java code, j=interpreted, Vv=VM code, C=native code)


---------------  P R O C E S S  ---------------

Java Threads: ( => current thread )

Other Threads:

=>0x000000000270e800 (exited) JavaThread "Unknown thread" [_thread_in_vm, id=2252, stack(0x0000000002530000,0x0000000002630000)]

VM state:not at safepoint (normal execution)

VM Mutex/Monitor currently owned by a thread: None

heap address: 0x00000006c1c00000, size: 4068 MB, Compressed Oops mode: Zero based, Oop shift amount: 3
Narrow klass base: 0x0000000000000000, Narrow klass shift: 3
Compressed class space size: 1073741824 Address: 0x00000007c0000000

Heap:
 PSYoungGen      total 76288K, used 1310K [0x000000076b400000, 0x0000000770900000, 0x00000007c0000000)
  eden space 65536K, 2% used [0x000000076b400000,0x000000076b547af0,0x000000076f400000)
  from space 10752K, 0% used [0x000000076fe80000,0x000000076fe80000,0x0000000770900000)
  to   space 10752K, 0% used [0x000000076f400000,0x000000076f400000,0x000000076fe80000)
 ParOldGen       total 175104K, used 0K [0x00000006c1c00000, 0x00000006cc700000, 0x000000076b400000)
  object space 175104K, 0% used [0x00000006c1c00000,0x00000006c1c00000,0x00000006cc700000)
 Metaspace       used 777K, capacity 4480K, committed 4480K, reserved 1056768K
  class space    used 74K, capacity 384K, committed 384K, reserved 1048576K

Card table byte_map: [0x0000000011f30000,0x0000000012730000] byte_map_base: 0x000000000e922000

Marking Bits: (ParMarkBitMap*) 0x000000005b1a9f30
 Begin Bits: [0x0000000013480000, 0x0000000017410000)
 End Bits:   [0x0000000017410000, 0x000000001b3a0000)

Polling page: 0x0000000000970000

CodeCache: size=245760Kb used=328Kb max_used=328Kb free=245431Kb
 bounds [0x0000000002b70000, 0x0000000002de0000, 0x0000000011b70000]
 total_blobs=57 nmethods=0 adapters=38
 compilation: enabled

Compilation events (0 events):
No events

GC Heap History (0 events):
No events

Deoptimization events (0 events):
No events

Classes redefined (0 events):
No events

Internal exceptions (0 events):
No events

Events (10 events):
Event: 0.015 loading class java/lang/Short
Event: 0.015 loading class java/lang/Short done
Event: 0.015 loading class java/lang/Integer
Event: 0.015 loading class java/lang/Integer done
Event: 0.015 loading class java/lang/Long
Event: 0.015 loading class java/lang/Long done
Event: 0.016 loading class java/lang/NullPointerException
Event: 0.016 loading class java/lang/NullPointerException done
Event: 0.016 loading class java/lang/ArithmeticException
Event: 0.016 loading class java/lang/ArithmeticException done


Dynamic libraries:
0x00007ff6eeeb0000 - 0x00007ff6eeee1000 	D:\JetBrains\IntelliJ IDEA 2019.1.3\jre64\bin\java.exe
0x00007ffd13470000 - 0x00007ffd13664000 	C:\WINDOWS\SYSTEM32\ntdll.dll
0x00007ffd11c80000 - 0x00007ffd11d3d000 	C:\WINDOWS\System32\KERNEL32.DLL
0x00007ffd10c90000 - 0x00007ffd10f57000 	C:\WINDOWS\System32\KERNELBASE.dll
0x00007ffd11630000 - 0x00007ffd116da000 	C:\WINDOWS\System32\ADVAPI32.dll
0x00007ffd12150000 - 0x00007ffd121ee000 	C:\WINDOWS\System32\msvcrt.dll
0x00007ffd12680000 - 0x00007ffd1271b000 	C:\WINDOWS\System32\sechost.dll
0x00007ffd12f20000 - 0x00007ffd13043000 	C:\WINDOWS\System32\RPCRT4.dll
0x00007ffd12410000 - 0x00007ffd125b0000 	C:\WINDOWS\System32\USER32.dll
0x00007ffd10f60000 - 0x00007ffd10f82000 	C:\WINDOWS\System32\win32u.dll
0x00007ffd13400000 - 0x00007ffd1342a000 	C:\WINDOWS\System32\GDI32.dll
0x00007ffd11280000 - 0x00007ffd1138a000 	C:\WINDOWS\System32\gdi32full.dll
0x00007ffd11390000 - 0x00007ffd1142d000 	C:\WINDOWS\System32\msvcp_win.dll
0x00007ffd10f90000 - 0x00007ffd11090000 	C:\WINDOWS\System32\ucrtbase.dll
0x00007ffd04600000 - 0x00007ffd0489a000 	C:\WINDOWS\WinSxS\amd64_microsoft.windows.common-controls_6595b64144ccf1df_6.0.19041.1_none_b555e41d4684ddec\COMCTL32.dll
0x00007ffd133d0000 - 0x00007ffd13400000 	C:\WINDOWS\System32\IMM32.DLL
0x000000005a900000 - 0x000000005a9d2000 	D:\JetBrains\IntelliJ IDEA 2019.1.3\jre64\bin\msvcr100.dll
0x000000005a9e0000 - 0x000000005b226000 	D:\JetBrains\IntelliJ IDEA 2019.1.3\jre64\bin\server\jvm.dll
0x00007ffd12f10000 - 0x00007ffd12f18000 	C:\WINDOWS\System32\PSAPI.DLL
0x00007ffcfb790000 - 0x00007ffcfb799000 	C:\WINDOWS\SYSTEM32\WSOCK32.dll
0x00007ffd05c10000 - 0x00007ffd05c37000 	C:\WINDOWS\SYSTEM32\WINMM.dll
0x00007ffd09910000 - 0x00007ffd0991a000 	C:\WINDOWS\SYSTEM32\VERSION.dll
0x00007ffd123a0000 - 0x00007ffd1240b000 	C:\WINDOWS\System32\WS2_32.dll
0x00007ffd09740000 - 0x00007ffd0974f000 	D:\JetBrains\IntelliJ IDEA 2019.1.3\jre64\bin\verify.dll
0x00007ffd07b10000 - 0x00007ffd07b39000 	D:\JetBrains\IntelliJ IDEA 2019.1.3\jre64\bin\java.dll
0x00007ffd07b60000 - 0x00007ffd07b76000 	D:\JetBrains\IntelliJ IDEA 2019.1.3\jre64\bin\zip.dll

VM Arguments:
java_command: org.jetbrains.git4idea.http.GitAskPassApp Username for 'https://github.com': 
java_class_path (initial): D:/JetBrains/IntelliJ IDEA 2019.1.3/plugins/git4idea/lib/git4idea-rt.jar;D:/JetBrains/IntelliJ IDEA 2019.1.3/lib/xmlrpc-2.0.1.jar;D:/JetBrains/IntelliJ IDEA 2019.1.3/lib/commons-codec-1.10.jar;D:/JetBrains/IntelliJ IDEA 2019.1.3/lib/util.jar
Launcher Type: SUN_STANDARD

Environment Variables:
JAVA_HOME=C:\Program Files\Java\jdk1.8.0_201
CLASSPATH=.;C:\Program Files\Java\jdk1.8.0_201\lib\dt.jar;C:\Program Files\Java\jdk1.8.0_201\lib\tools.jar;
PATH=D:\Git\mingw64/libexec/git-core;D:\Git\mingw64/libexec/git-core;D:\Git\mingw64\bin;D:\Git\usr\bin;C:\Users\Administrator\bin;C:\Python38\Scripts\;C:\Python38\;C:\Program Files (x86)\Common Files\Oracle\Java\javapath;D:;C:\Program Files\Java\jdk1.8.0_201\bin;C:\Program Files\Java\jdk1.8.0_201\jre\bin;C:\WINDOWS\system32;C:\WINDOWS;C:\WINDOWS\System32\Wbem;C:\WINDOWS\System32\WindowsPowerShell\v1.0\;C:\WINDOWS\System32\OpenSSH\;D:\MATLAB2018\bin;C:\ProgramData\chocolatey\bin;D:\Maven\apache-maven-3.6.1\bin;D:\Tool\ffmpeg\bin;D:\nodejs\;C:\Program Files\MySQL\MySQL Shell 8.0\bin\;C:\Users\Administrator\AppData\Local\Microsoft\WindowsApps;C:\Users\Administrator\AppData\Roaming\npm
USERNAME=Administrator
DISPLAY=:0.0
OS=Windows_NT
PROCESSOR_IDENTIFIER=Intel64 Family 6 Model 60 Stepping 3, GenuineIntel



---------------  S Y S T E M  ---------------

OS: Windows 10.0 , 64 bit Build 19041 (10.0.19041.292)

CPU:total 8 (initial active 8) (4 cores per cpu, 2 threads per core) family 6 model 60 stepping 3, cmov, cx8, fxsr, mmx, sse, sse2, sse3, ssse3, sse4.1, sse4.2, popcnt, avx, avx2, aes, clmul, erms, lzcnt, ht, tsc, tscinvbit, bmi1, bmi2

Memory: 4k page, physical 16657472k(5395144k free), swap 16657472k(5900k free)

vm_info: OpenJDK 64-Bit Server VM (25.202-b58) for windows-amd64 JRE (1.8.0_202-release-1483-b58), built on May 22 2019 13:19:29 by "builduser" with MS VC++ 10.0 (VS2010)

time: Wed Jul 22 16:58:58 2020
timezone: ¶«²¿ÏÄÁîÊ±
elapsed time: 0 seconds (0d 0h 0m 0s)

